0 info it worked if it ends with ok
1 verbose cli [ '/root/node/bin/node', '/root/node/bin/npm', 'start' ]
2 info using npm@3.10.10
3 info using node@v6.10.2
4 verbose run-script [ 'prestart', 'start', 'poststart' ]
5 info lifecycle pro@0.0.0~prestart: pro@0.0.0
6 silly lifecycle pro@0.0.0~prestart: no script for prestart, continuing
7 info lifecycle pro@0.0.0~start: pro@0.0.0
8 verbose lifecycle pro@0.0.0~start: unsafe-perm in lifecycle true
9 verbose lifecycle pro@0.0.0~start: PATH: /root/node/lib/node_modules/npm/bin/node-gyp-bin:/home/pro/ope/node_modules/.bin:/usr/local/mysql/bin:/opt/ezhttp/libmcrypt-2.5.8/bin:/usr/local/mysql/bin:/bin:/sbin:/usr/bin:/usr/sbin:/usr/local/bin:/usr/local/sbin:/root/bin:/root/node/bin:/root/bin
10 verbose lifecycle pro@0.0.0~start: CWD: /home/pro/ope
11 silly lifecycle pro@0.0.0~start: Args: [ '-c', 'node ./bin/www' ]
12 silly lifecycle pro@0.0.0~start: Returned: code: 1  signal: null
13 info lifecycle pro@0.0.0~start: Failed to exec start script
14 verbose stack Error: pro@0.0.0 start: `node ./bin/www`
14 verbose stack Exit status 1
14 verbose stack     at EventEmitter.<anonymous> (/root/node/lib/node_modules/npm/lib/utils/lifecycle.js:255:16)
14 verbose stack     at emitTwo (events.js:106:13)
14 verbose stack     at EventEmitter.emit (events.js:191:7)
14 verbose stack     at ChildProcess.<anonymous> (/root/node/lib/node_modules/npm/lib/utils/spawn.js:40:14)
14 verbose stack     at emitTwo (events.js:106:13)
14 verbose stack     at ChildProcess.emit (events.js:191:7)
14 verbose stack     at maybeClose (internal/child_process.js:886:16)
14 verbose stack     at Process.ChildProcess._handle.onexit (internal/child_process.js:226:5)
15 verbose pkgid pro@0.0.0
16 verbose cwd /home/pro/ope
17 error Linux 3.10.0-327.22.2.el7.x86_64
18 error argv "/root/node/bin/node" "/root/node/bin/npm" "start"
19 error node v6.10.2
20 error npm  v3.10.10
21 error code ELIFECYCLE
22 error pro@0.0.0 start: `node ./bin/www`
22 error Exit status 1
23 error Failed at the pro@0.0.0 start script 'node ./bin/www'.
23 error Make sure you have the latest version of node.js and npm installed.
23 error If you do, this is most likely a problem with the pro package,
23 error not with npm itself.
23 error Tell the author that this fails on your system:
23 error     node ./bin/www
23 error You can get information on how to open an issue for this project with:
23 error     npm bugs pro
23 error Or if that isn't available, you can get their info via:
23 error     npm owner ls pro
23 error There is likely additional logging output above.
24 verbose exit [ 1, true ]
